2022-08-11 23:42:46 INFO  ebanking:14 - Url is opened
2022-08-11 23:42:47 INFO  ebanking:19 - Username is entered
2022-08-11 23:42:47 INFO  ebanking:21 - Password is entered
2022-08-11 23:43:10 INFO  ebanking:23 - Login Button is clicked
2022-08-11 23:43:10 INFO  ebanking:28 - testcase is passed
2022-08-12 22:44:43 INFO  ebanking:14 - Url is opened
2022-08-12 22:44:44 INFO  ebanking:19 - Username is entered
2022-08-12 22:44:44 INFO  ebanking:21 - Password is entered
2022-08-12 22:44:45 INFO  ebanking:23 - Login Button is clicked
2022-08-12 22:44:45 INFO  ebanking:28 - testcase is passed
2022-08-12 22:58:52 INFO  ebanking:14 - Url is opened
2022-08-12 22:58:52 INFO  ebanking:19 - Username is entered
2022-08-12 22:58:52 INFO  ebanking:21 - Password is entered
2022-08-12 22:59:16 INFO  ebanking:23 - Login Button is clicked
2022-08-12 22:59:17 INFO  ebanking:28 - testcase is passed
2022-08-12 23:00:38 INFO  ebanking:14 - Url is opened
2022-08-12 23:00:38 INFO  ebanking:19 - Username is entered
2022-08-12 23:00:38 INFO  ebanking:21 - Password is entered
2022-08-12 23:01:00 INFO  ebanking:23 - Login Button is clicked
2022-08-12 23:01:00 INFO  ebanking:28 - testcase is passed
2022-08-12 23:04:02 INFO  ebanking:14 - Url is opened
2022-08-12 23:04:02 INFO  ebanking:19 - Username is entered
2022-08-12 23:04:02 INFO  ebanking:21 - Password is entered
2022-08-12 23:04:06 INFO  ebanking:23 - Login Button is clicked
2022-08-12 23:04:06 INFO  ebanking:28 - testcase is passed
2022-08-15 23:36:31 INFO  ebanking:14 - Url is opened
2022-08-15 23:36:31 INFO  ebanking:19 - Username is entered
2022-08-15 23:36:31 INFO  ebanking:21 - Password is entered
2022-08-15 23:36:54 INFO  ebanking:23 - Login Button is clicked
2022-08-15 23:36:54 INFO  ebanking:28 - testcase is passed
2022-08-16 08:54:06 INFO  ebanking:17 - Url is opened
2022-08-16 08:54:06 INFO  ebanking:22 - Username is entered
2022-08-16 08:54:06 INFO  ebanking:24 - Password is entered
2022-08-16 08:54:28 INFO  ebanking:26 - Login Button is clicked
2022-08-16 08:54:28 INFO  ebanking:38 - testcase is failed
2022-08-16 08:57:20 INFO  ebanking:17 - Url is opened
2022-08-16 08:57:20 INFO  ebanking:22 - Username is entered
2022-08-16 08:57:20 INFO  ebanking:24 - Password is entered
2022-08-16 08:57:43 INFO  ebanking:26 - Login Button is clicked
2022-08-16 08:59:37 INFO  ebanking:17 - Url is opened
2022-08-16 08:59:38 INFO  ebanking:22 - Username is entered
2022-08-16 08:59:38 INFO  ebanking:24 - Password is entered
2022-08-16 08:59:59 INFO  ebanking:26 - Login Button is clicked
2022-08-16 08:59:59 INFO  ebanking:31 - testcase is passed
2022-08-16 09:00:33 INFO  ebanking:17 - Url is opened
2022-08-16 09:00:33 INFO  ebanking:22 - Username is entered
2022-08-16 09:00:34 INFO  ebanking:24 - Password is entered
2022-08-16 09:00:35 INFO  ebanking:26 - Login Button is clicked
2022-08-16 15:12:15 INFO  ebanking:16 - Url is opened
2022-08-16 15:12:15 INFO  ebanking:21 - Username is entered
2022-08-16 15:12:15 INFO  ebanking:23 - Password is entered
2022-08-16 15:12:37 INFO  ebanking:25 - Login Button is clicked
2022-08-16 17:05:23 INFO  ebanking:19 - username provided
2022-08-16 17:05:23 INFO  ebanking:21 - Password provided
2022-08-16 17:05:44 INFO  ebanking:34 - login passed
2022-08-16 17:05:47 INFO  ebanking:19 - username provided
2022-08-16 17:05:48 INFO  ebanking:21 - Password provided
2022-08-16 17:06:08 INFO  ebanking:19 - username provided
2022-08-16 17:06:08 INFO  ebanking:21 - Password provided
2022-08-16 17:06:12 INFO  ebanking:19 - username provided
2022-08-16 17:06:12 INFO  ebanking:21 - Password provided
2022-08-16 17:06:32 INFO  ebanking:34 - login passed
2022-08-16 17:06:36 INFO  ebanking:19 - username provided
2022-08-16 17:06:36 INFO  ebanking:21 - Password provided
2022-08-16 17:17:28 INFO  ebanking:19 - username provided
2022-08-16 17:17:28 INFO  ebanking:21 - Password provided
2022-08-16 17:19:17 INFO  ebanking:19 - username provided
2022-08-16 17:19:17 INFO  ebanking:21 - Password provided
2022-08-16 17:27:58 INFO  ebanking:19 - username provided
2022-08-16 17:27:58 INFO  ebanking:21 - Password provided
2022-08-16 17:28:21 INFO  ebanking:34 - login passed
2022-08-16 17:28:46 INFO  ebanking:19 - username provided
2022-08-16 17:28:46 INFO  ebanking:21 - Password provided
2022-08-16 17:29:10 INFO  ebanking:19 - username provided
2022-08-16 17:29:10 INFO  ebanking:21 - Password provided
2022-08-16 17:29:34 INFO  ebanking:19 - username provided
2022-08-16 17:29:34 INFO  ebanking:21 - Password provided
2022-08-16 17:29:58 INFO  ebanking:34 - login passed
2022-08-16 17:30:22 INFO  ebanking:19 - username provided
2022-08-16 17:30:22 INFO  ebanking:21 - Password provided
2022-08-16 20:33:21 INFO  ebanking:22 - Username provided
2022-08-16 20:33:21 INFO  ebanking:24 - Password provided
2022-08-16 20:33:44 INFO  ebanking:29 - Customer details provided....
2022-08-16 20:35:26 INFO  ebanking:22 - Username provided
2022-08-16 20:35:27 INFO  ebanking:24 - Password provided
2022-08-16 20:35:50 INFO  ebanking:29 - Customer details provided....
2022-08-16 20:36:00 INFO  ebanking:51 - Verifing whether the Customer is add Successfully.....
2022-08-16 20:37:52 INFO  ebanking:22 - Username provided
2022-08-16 20:37:52 INFO  ebanking:24 - Password provided
2022-08-16 20:38:16 INFO  ebanking:29 - Customer details provided....
2022-08-16 20:38:24 INFO  ebanking:51 - Verifing whether the Customer is add Successfully.....
2022-08-16 20:38:24 INFO  ebanking:58 - TestCase is passed
2022-08-16 20:42:16 INFO  ebanking:16 - Url is opened
2022-08-16 20:42:16 INFO  ebanking:21 - Username is entered
2022-08-16 20:42:17 INFO  ebanking:23 - Password is entered
2022-08-16 20:42:39 INFO  ebanking:25 - Login Button is clicked
2022-08-16 20:42:48 INFO  ebanking:19 - username provided
2022-08-16 20:42:48 INFO  ebanking:21 - Password provided
2022-08-16 20:42:50 INFO  ebanking:35 - login passed
2022-08-16 20:42:52 INFO  ebanking:19 - username provided
2022-08-16 20:42:52 INFO  ebanking:21 - Password provided
2022-08-16 20:43:09 WARN  ebanking:28 - login failed
2022-08-16 20:43:09 INFO  ebanking:19 - username provided
2022-08-16 20:43:09 INFO  ebanking:21 - Password provided
2022-08-16 20:43:12 WARN  ebanking:28 - login failed
2022-08-16 20:43:12 INFO  ebanking:19 - username provided
2022-08-16 20:43:12 INFO  ebanking:21 - Password provided
2022-08-16 20:43:15 INFO  ebanking:35 - login passed
2022-08-16 20:43:18 INFO  ebanking:19 - username provided
2022-08-16 20:43:18 INFO  ebanking:21 - Password provided
2022-08-16 20:43:33 WARN  ebanking:28 - login failed
2022-08-16 20:44:00 INFO  ebanking:22 - Username provided
2022-08-16 20:44:00 INFO  ebanking:24 - Password provided
2022-08-16 20:44:24 INFO  ebanking:29 - Customer details provided....
2022-08-16 20:44:32 INFO  ebanking:51 - Verifing whether the Customer is add Successfully.....
2022-08-16 20:44:32 INFO  ebanking:58 - TestCase is passed
2022-08-16 20:50:54 INFO  ebanking:19 - username provided
2022-08-16 20:50:54 INFO  ebanking:21 - Password provided
2022-08-16 20:50:56 WARN  ebanking:28 - login failed
2022-08-16 20:50:57 INFO  ebanking:19 - username provided
2022-08-16 20:50:57 INFO  ebanking:21 - Password provided
2022-08-16 20:51:14 WARN  ebanking:28 - login failed
2022-08-16 20:51:14 INFO  ebanking:19 - username provided
2022-08-16 20:51:14 INFO  ebanking:21 - Password provided
2022-08-16 20:51:17 WARN  ebanking:28 - login failed
2022-08-16 20:51:46 INFO  ebanking:16 - Url is opened
2022-08-16 20:51:46 INFO  ebanking:21 - Username is entered
2022-08-16 20:51:46 INFO  ebanking:23 - Password is entered
2022-08-16 20:52:10 INFO  ebanking:25 - Login Button is clicked
2022-08-16 20:52:10 INFO  ebanking:30 - testcase is passed
2022-08-16 21:16:27 INFO  ebanking:16 - Url is opened
2022-08-16 21:16:27 INFO  ebanking:21 - Username is entered
2022-08-16 21:16:28 INFO  ebanking:23 - Password is entered
2022-08-16 21:16:29 INFO  ebanking:25 - Login Button is clicked
2022-08-16 21:16:29 INFO  ebanking:30 - testcase is passed
2022-08-16 21:16:36 INFO  ebanking:22 - Username provided
2022-08-16 21:16:36 INFO  ebanking:24 - Password provided
2022-08-16 21:16:58 INFO  ebanking:29 - Customer details provided....
2022-08-16 21:17:04 INFO  ebanking:51 - Verifing whether the Customer is add Successfully.....
2022-08-16 21:17:04 INFO  ebanking:58 - TestCase is passed
2022-08-16 21:32:37 INFO  ebanking:16 - Url is opened
2022-08-16 21:32:38 INFO  ebanking:21 - Username is entered
2022-08-16 21:32:38 INFO  ebanking:23 - Password is entered
2022-08-16 21:33:01 INFO  ebanking:25 - Login Button is clicked
2022-08-16 21:33:01 INFO  ebanking:30 - testcase is passed
2022-08-16 21:33:08 INFO  ebanking:22 - Username provided
2022-08-16 21:33:08 INFO  ebanking:24 - Password provided
2022-08-16 21:33:30 INFO  ebanking:29 - Customer details provided....
2022-08-16 21:33:37 INFO  ebanking:51 - Verifing whether the Customer is add Successfully.....
2022-08-16 21:33:37 INFO  ebanking:58 - TestCase is passed
2022-08-16 21:39:53 INFO  ebanking:16 - Url is opened
2022-08-16 21:39:54 INFO  ebanking:21 - Username is entered
2022-08-16 21:39:54 INFO  ebanking:23 - Password is entered
2022-08-16 21:39:55 INFO  ebanking:25 - Login Button is clicked
2022-08-16 21:39:55 INFO  ebanking:30 - testcase is passed
2022-08-16 21:40:24 INFO  ebanking:22 - Username provided
2022-08-16 21:40:24 INFO  ebanking:24 - Password provided
2022-08-16 21:40:48 INFO  ebanking:29 - Customer details provided....
2022-08-17 11:08:07 INFO  ebanking:16 - Url is opened
2022-08-17 11:08:07 INFO  ebanking:21 - Username is entered
2022-08-17 11:08:07 INFO  ebanking:23 - Password is entered
2022-08-17 11:08:30 INFO  ebanking:25 - Login Button is clicked
2022-08-17 11:08:30 INFO  ebanking:30 - testcase is passed
2022-08-17 11:08:37 INFO  ebanking:22 - Username provided
2022-08-17 11:08:37 INFO  ebanking:24 - Password provided
2022-08-17 11:08:59 INFO  ebanking:29 - Customer details provided....
2022-08-17 11:12:28 INFO  ebanking:16 - Url is opened
2022-08-17 11:12:28 INFO  ebanking:21 - Username is entered
2022-08-17 11:12:28 INFO  ebanking:23 - Password is entered
2022-08-17 11:14:00 INFO  ebanking:16 - Url is opened
2022-08-17 11:14:00 INFO  ebanking:21 - Username is entered
2022-08-17 11:14:01 INFO  ebanking:23 - Password is entered
2022-08-17 11:14:24 INFO  ebanking:25 - Login Button is clicked
2022-08-17 11:14:24 INFO  ebanking:30 - testcase is passed
2022-08-17 11:14:52 INFO  ebanking:22 - Username provided
2022-08-17 11:14:52 INFO  ebanking:24 - Password provided
2022-08-17 11:15:15 INFO  ebanking:29 - Customer details provided....
2022-08-17 11:15:23 INFO  ebanking:51 - Verifing whether the Customer is add Successfully.....
2022-08-17 11:19:26 INFO  ebanking:16 - Url is opened
2022-08-17 11:19:27 INFO  ebanking:21 - Username is entered
2022-08-17 11:19:27 INFO  ebanking:23 - Password is entered
2022-08-17 11:19:48 INFO  ebanking:25 - Login Button is clicked
2022-08-17 11:19:48 INFO  ebanking:30 - testcase is passed
2022-08-17 11:20:17 INFO  ebanking:22 - Username provided
2022-08-17 11:20:17 INFO  ebanking:24 - Password provided
2022-08-17 11:20:41 INFO  ebanking:29 - Customer details provided....
2022-08-17 11:21:42 INFO  ebanking:16 - Url is opened
2022-08-17 11:21:42 INFO  ebanking:21 - Username is entered
2022-08-17 11:21:42 INFO  ebanking:23 - Password is entered
2022-08-17 11:22:04 INFO  ebanking:25 - Login Button is clicked
2022-08-17 11:22:04 INFO  ebanking:30 - testcase is passed
2022-08-17 11:22:10 INFO  ebanking:22 - Username provided
2022-08-17 11:22:10 INFO  ebanking:24 - Password provided
2022-08-17 11:22:32 INFO  ebanking:29 - Customer details provided....
2022-08-17 11:26:58 INFO  ebanking:16 - Url is opened
2022-08-17 11:26:58 INFO  ebanking:21 - Username is entered
2022-08-17 11:26:58 INFO  ebanking:23 - Password is entered
2022-08-17 11:27:22 INFO  ebanking:25 - Login Button is clicked
2022-08-17 11:27:22 INFO  ebanking:30 - testcase is passed
2022-08-17 11:27:50 INFO  ebanking:22 - Username provided
2022-08-17 11:27:50 INFO  ebanking:24 - Password provided
2022-08-17 11:28:13 INFO  ebanking:29 - Customer details provided....
2022-08-17 11:36:07 INFO  ebanking:16 - Url is opened
2022-08-17 11:36:07 INFO  ebanking:21 - Username is entered
2022-08-17 11:36:07 INFO  ebanking:23 - Password is entered
2022-08-17 11:36:30 INFO  ebanking:25 - Login Button is clicked
2022-08-17 11:36:30 INFO  ebanking:30 - testcase is passed
2022-08-17 11:36:58 INFO  ebanking:22 - Username provided
2022-08-17 11:36:58 INFO  ebanking:24 - Password provided
2022-08-17 11:37:22 INFO  ebanking:29 - Customer details provided....
2022-08-17 11:39:21 INFO  ebanking:16 - Url is opened
2022-08-17 11:39:21 INFO  ebanking:21 - Username is entered
2022-08-17 11:39:21 INFO  ebanking:23 - Password is entered
2022-08-17 11:39:25 INFO  ebanking:25 - Login Button is clicked
2022-08-17 11:39:25 INFO  ebanking:30 - testcase is passed
2022-08-17 11:39:34 INFO  ebanking:22 - Username provided
2022-08-17 11:39:34 INFO  ebanking:24 - Password provided
2022-08-17 11:39:36 INFO  ebanking:29 - Customer details provided....
2022-08-17 11:40:42 INFO  ebanking:51 - Verifing whether the Customer is add Successfully.....
2022-08-17 11:42:03 INFO  ebanking:22 - Username provided
2022-08-17 11:42:03 INFO  ebanking:24 - Password provided
2022-08-17 11:42:05 INFO  ebanking:29 - Customer details provided....
2022-08-17 11:43:01 INFO  ebanking:22 - Username provided
2022-08-17 11:43:01 INFO  ebanking:24 - Password provided
2022-08-17 11:43:24 INFO  ebanking:29 - Customer details provided....
2022-08-17 11:43:47 INFO  ebanking:51 - Verifing whether the Customer is add Successfully.....
2022-08-17 11:43:47 INFO  ebanking:58 - TestCase is passed
2022-08-17 11:44:25 INFO  ebanking:22 - Username provided
2022-08-17 11:44:25 INFO  ebanking:24 - Password provided
2022-08-17 11:44:49 INFO  ebanking:29 - Customer details provided....
2022-08-17 11:45:35 INFO  ebanking:22 - Username provided
2022-08-17 11:45:35 INFO  ebanking:24 - Password provided
2022-08-17 11:45:58 INFO  ebanking:29 - Customer details provided....
2022-08-17 11:46:12 INFO  ebanking:51 - Verifing whether the Customer is add Successfully.....
2022-08-17 11:51:48 INFO  ebanking:22 - Username provided
2022-08-17 11:51:48 INFO  ebanking:24 - Password provided
2022-08-17 11:52:10 INFO  ebanking:29 - Customer details provided....
2022-08-17 11:58:50 INFO  ebanking:22 - Username provided
2022-08-17 11:58:50 INFO  ebanking:24 - Password provided
2022-08-17 11:58:52 INFO  ebanking:29 - Customer details provided....
2022-08-17 12:12:59 INFO  ebanking:22 - Username provided
2022-08-17 12:13:00 INFO  ebanking:24 - Password provided
2022-08-17 12:13:21 INFO  ebanking:29 - Customer details provided....
2022-08-17 12:17:00 INFO  ebanking:22 - Username provided
2022-08-17 12:17:01 INFO  ebanking:24 - Password provided
2022-08-17 12:17:22 INFO  ebanking:29 - Customer details provided....
2022-08-17 12:19:21 INFO  ebanking:22 - Username provided
2022-08-17 12:19:21 INFO  ebanking:24 - Password provided
2022-08-17 12:19:44 INFO  ebanking:29 - Customer details provided....
2022-08-17 12:24:24 INFO  ebanking:22 - Username provided
2022-08-17 12:24:25 INFO  ebanking:24 - Password provided
2022-08-17 12:24:28 INFO  ebanking:29 - Customer details provided....
2022-08-17 12:24:32 INFO  ebanking:53 - Verifing whether the Customer is add Successfully.....
2022-08-17 12:24:32 INFO  ebanking:60 - TestCase is passed
2022-08-17 12:25:25 INFO  ebanking:22 - Username provided
2022-08-17 12:25:25 INFO  ebanking:24 - Password provided
2022-08-17 12:25:26 INFO  ebanking:29 - Customer details provided....
2022-08-17 12:25:30 INFO  ebanking:53 - Verifing whether the Customer is add Successfully.....
2022-08-17 12:25:30 INFO  ebanking:60 - TestCase is passed
2022-08-17 14:04:31 INFO  ebanking:16 - Url is opened
2022-08-17 14:04:31 INFO  ebanking:21 - Username is entered
2022-08-17 14:04:31 INFO  ebanking:23 - Password is entered
2022-08-17 14:04:32 INFO  ebanking:25 - Login Button is clicked
2022-08-17 14:04:32 INFO  ebanking:30 - testcase is passed
2022-08-17 14:04:37 INFO  ebanking:22 - Username provided
2022-08-17 14:04:37 INFO  ebanking:24 - Password provided
2022-08-17 14:04:38 INFO  ebanking:29 - Customer details provided....
2022-08-17 14:04:40 INFO  ebanking:53 - Verifing whether the Customer is add Successfully.....
2022-08-17 14:05:36 INFO  ebanking:16 - Url is opened
2022-08-17 14:05:36 INFO  ebanking:21 - Username is entered
2022-08-17 14:05:36 INFO  ebanking:23 - Password is entered
2022-08-17 14:05:37 INFO  ebanking:25 - Login Button is clicked
2022-08-17 14:05:37 INFO  ebanking:30 - testcase is passed
2022-08-17 14:05:41 INFO  ebanking:22 - Username provided
2022-08-17 14:05:41 INFO  ebanking:24 - Password provided
2022-08-17 14:05:43 INFO  ebanking:29 - Customer details provided....
2022-08-17 14:05:45 INFO  ebanking:53 - Verifing whether the Customer is add Successfully.....
2022-08-17 14:05:46 INFO  ebanking:60 - TestCase is passed
2022-08-17 14:06:14 INFO  ebanking:16 - Url is opened
2022-08-17 14:06:14 INFO  ebanking:21 - Username is entered
2022-08-17 14:06:14 INFO  ebanking:23 - Password is entered
2022-08-17 14:06:15 INFO  ebanking:25 - Login Button is clicked
2022-08-17 14:06:15 INFO  ebanking:30 - testcase is passed
2022-08-17 14:06:20 INFO  ebanking:22 - Username provided
2022-08-17 14:06:20 INFO  ebanking:24 - Password provided
2022-08-17 14:06:21 INFO  ebanking:29 - Customer details provided....
2022-08-17 14:06:24 INFO  ebanking:53 - Verifing whether the Customer is add Successfully.....
2022-08-17 14:06:24 INFO  ebanking:60 - TestCase is passed
2022-08-17 14:50:00 INFO  ebanking:16 - Url is opened
2022-08-17 14:50:00 INFO  ebanking:21 - Username is entered
2022-08-17 14:50:00 INFO  ebanking:23 - Password is entered
2022-08-17 14:50:01 INFO  ebanking:25 - Login Button is clicked
2022-08-17 14:50:02 INFO  ebanking:30 - testcase is passed
2022-08-17 14:50:07 INFO  ebanking:22 - Username provided
2022-08-17 14:50:07 INFO  ebanking:24 - Password provided
2022-08-17 14:50:09 INFO  ebanking:29 - Customer details provided....
2022-08-17 14:50:12 INFO  ebanking:53 - Verifing whether the Customer is add Successfully.....
2022-08-17 14:50:12 INFO  ebanking:60 - TestCase is passed
2022-08-17 19:56:34 INFO  ebanking:16 - Url is opened
2022-08-17 19:56:34 INFO  ebanking:21 - Username is entered
2022-08-17 19:56:34 INFO  ebanking:23 - Password is entered
2022-08-17 19:56:35 INFO  ebanking:25 - Login Button is clicked
2022-08-17 19:56:35 INFO  ebanking:30 - testcase is passed
2022-08-17 19:56:41 INFO  ebanking:22 - Username provided
2022-08-17 19:56:41 INFO  ebanking:24 - Password provided
2022-08-17 19:56:42 INFO  ebanking:29 - Customer details provided....
2022-08-17 19:56:45 INFO  ebanking:53 - Verifing whether the Customer is add Successfully.....
2022-08-17 19:56:46 INFO  ebanking:60 - TestCase is passed
2022-08-17 20:08:37 INFO  ebanking:16 - Url is opened
2022-08-17 20:08:37 INFO  ebanking:21 - Username is entered
2022-08-17 20:08:37 INFO  ebanking:24 - Password is entered
2022-08-17 20:08:38 INFO  ebanking:26 - Login Button is clicked
2022-08-17 20:08:38 INFO  ebanking:31 - testcase is passed
2022-08-17 20:08:43 INFO  ebanking:22 - Username provided
2022-08-17 20:08:43 INFO  ebanking:25 - Password provided
2022-08-17 20:08:45 INFO  ebanking:30 - Customer details provided....
2022-08-17 20:08:47 INFO  ebanking:54 - Verifing whether the Customer is add Successfully.....
2022-08-17 20:08:47 INFO  ebanking:61 - TestCase is passed
2022-08-17 20:11:50 INFO  ebanking:16 - Url is opened
2022-08-17 20:11:50 INFO  ebanking:21 - Username is entered
2022-08-17 20:11:50 INFO  ebanking:24 - Password is entered
2022-08-17 20:11:51 INFO  ebanking:26 - Login Button is clicked
2022-08-17 20:11:51 INFO  ebanking:31 - testcase is passed
2022-08-17 20:11:57 INFO  ebanking:22 - Username provided
2022-08-17 20:11:57 INFO  ebanking:25 - Password provided
2022-08-17 20:11:59 INFO  ebanking:30 - Customer details provided....
2022-08-17 20:12:02 INFO  ebanking:54 - Verifing whether the Customer is add Successfully.....
2022-08-17 20:12:02 INFO  ebanking:61 - TestCase is passed
2022-08-17 22:05:07 INFO  ebanking:16 - Url is opened
2022-08-17 22:05:07 INFO  ebanking:21 - Username is entered
2022-08-17 22:05:07 INFO  ebanking:24 - Password is entered
2022-08-17 22:05:08 INFO  ebanking:26 - Login Button is clicked
2022-08-17 22:05:08 INFO  ebanking:31 - testcase is passed
2022-08-17 22:05:13 INFO  ebanking:22 - Username provided
2022-08-17 22:05:13 INFO  ebanking:25 - Password provided
2022-08-17 22:05:14 INFO  ebanking:30 - Customer details provided....
2022-08-17 22:05:17 INFO  ebanking:54 - Verifing whether the Customer is add Successfully.....
2022-08-17 22:05:17 INFO  ebanking:61 - TestCase is passed
2022-08-17 22:10:57 INFO  ebanking:22 - Username provided
2022-08-17 22:10:57 INFO  ebanking:25 - Password provided
2022-08-17 22:10:58 INFO  ebanking:30 - Customer details provided....
2022-08-17 22:10:59 INFO  ebanking:52 - Verifing whether the Customer is add Successfully.....
2022-08-17 22:11:55 INFO  ebanking:22 - Username provided
2022-08-17 22:11:55 INFO  ebanking:25 - Password provided
2022-08-17 22:11:56 INFO  ebanking:30 - Customer details provided....
2022-08-17 22:11:59 INFO  ebanking:54 - Verifing whether the Customer is add Successfully.....
2022-08-17 22:12:40 INFO  ebanking:22 - Username provided
2022-08-17 22:12:40 INFO  ebanking:25 - Password provided
2022-08-17 22:12:41 INFO  ebanking:30 - Customer details provided....
2022-08-17 22:12:47 INFO  ebanking:54 - Verifing whether the Customer is add Successfully.....
2022-08-17 22:17:12 INFO  ebanking:22 - Username provided
2022-08-17 22:17:12 INFO  ebanking:25 - Password provided
2022-08-17 22:17:13 INFO  ebanking:30 - Customer details provided....
2022-08-17 22:17:20 INFO  ebanking:54 - Verifing whether the Customer is add Successfully.....
2022-08-17 22:17:20 INFO  ebanking:61 - TestCase is passed
2022-08-17 22:28:20 INFO  ebanking:22 - Username provided
2022-08-17 22:28:20 INFO  ebanking:25 - Password provided
2022-08-17 22:28:21 INFO  ebanking:30 - Customer details provided....
2022-08-17 22:28:24 INFO  ebanking:56 - 47616
2022-08-17 22:28:24 INFO  ebanking:58 - Verifing whether the Customer is add Successfully.....
2022-08-17 22:28:24 INFO  ebanking:65 - TestCase is passed
2022-08-17 22:28:46 INFO  ebanking:22 - Username provided
2022-08-17 22:28:46 INFO  ebanking:25 - Password provided
2022-08-17 22:28:47 INFO  ebanking:30 - Customer details provided....
2022-08-17 22:28:51 INFO  ebanking:56 - 99038
2022-08-17 22:28:51 INFO  ebanking:58 - Verifing whether the Customer is add Successfully.....
2022-08-17 22:28:51 INFO  ebanking:65 - TestCase is passed
2022-08-17 23:13:49 INFO  ebanking:22 - Username provided
2022-08-17 23:13:49 INFO  ebanking:25 - Password provided
2022-08-17 23:13:50 INFO  ebanking:30 - Customer details provided....
2022-08-17 23:16:02 INFO  ebanking:23 - Username provided
2022-08-17 23:16:02 INFO  ebanking:26 - Password provided
2022-08-17 23:16:03 INFO  ebanking:31 - Customer details provided....
2022-08-17 23:16:06 INFO  ebanking:61 - 83383
2022-08-17 23:16:06 INFO  ebanking:63 - Verifing whether the Customer is add Successfully.....
2022-08-17 23:16:06 INFO  ebanking:70 - TestCase is passed
2022-08-17 23:16:42 INFO  ebanking:23 - Username provided
2022-08-17 23:16:42 INFO  ebanking:26 - Password provided
2022-08-17 23:16:43 INFO  ebanking:31 - Customer details provided....
2022-08-17 23:16:46 INFO  ebanking:61 - 61560
2022-08-17 23:16:46 INFO  ebanking:63 - Verifing whether the Customer is add Successfully.....
2022-08-17 23:16:46 INFO  ebanking:70 - TestCase is passed
2022-08-17 23:30:23 INFO  ebanking:23 - Username provided
2022-08-17 23:30:23 INFO  ebanking:26 - Password provided
2022-08-17 23:30:24 INFO  ebanking:31 - Customer details provided....
2022-08-17 23:33:24 INFO  ebanking:23 - Username provided
2022-08-17 23:33:25 INFO  ebanking:26 - Password provided
2022-08-17 23:33:26 INFO  ebanking:31 - Customer details provided....
2022-08-17 23:33:28 INFO  ebanking:61 - Verifing whether the Customer is add Successfully.....
2022-08-17 23:33:28 INFO  ebanking:68 - TestCase is passed
2022-08-17 23:50:08 INFO  ebanking:23 - Username provided
2022-08-17 23:50:08 INFO  ebanking:26 - Password provided
2022-08-17 23:50:09 INFO  ebanking:31 - Customer details provided....
2022-08-17 23:50:12 INFO  ebanking:61 - Verifing whether the Customer is add Successfully.....
2022-08-17 23:50:12 INFO  ebanking:68 - TestCase is passed
2022-08-17 23:50:17 INFO  ebanking:20 - Username is provided
2022-08-17 23:50:17 INFO  ebanking:23 - Password is provided
2022-08-17 23:50:18 INFO  ebanking:26 - loginbutton is clicked
2022-08-17 23:50:18 INFO  ebanking:31 - Customer Id is readed from json file
2022-08-17 23:53:00 INFO  ebanking:23 - Username provided
2022-08-17 23:53:01 INFO  ebanking:26 - Password provided
2022-08-17 23:53:02 INFO  ebanking:31 - Customer details provided....
2022-08-17 23:53:04 INFO  ebanking:61 - Verifing whether the Customer is add Successfully.....
2022-08-17 23:53:05 INFO  ebanking:68 - TestCase is passed
2022-08-17 23:53:10 INFO  ebanking:20 - Username is provided
2022-08-17 23:53:10 INFO  ebanking:23 - Password is provided
2022-08-17 23:53:11 INFO  ebanking:26 - loginbutton is clicked
2022-08-17 23:53:11 INFO  ebanking:31 - Customer Id is readed from json file
2022-08-17 23:53:12 INFO  ebanking:36 - Edit customer Button is clicked
2022-08-17 23:53:12 INFO  ebanking:39 - customer Id is passed on the edit customer page
2022-08-17 23:53:13 INFO  ebanking:43 - submit button is clicked
2022-08-17 23:53:13 INFO  ebanking:46 - Testcase is passed
2022-08-17 23:54:07 INFO  ebanking:23 - Username provided
2022-08-17 23:54:07 INFO  ebanking:26 - Password provided
2022-08-17 23:54:08 INFO  ebanking:31 - Customer details provided....
2022-08-17 23:54:10 INFO  ebanking:61 - Verifing whether the Customer is add Successfully.....
2022-08-17 23:54:11 INFO  ebanking:68 - TestCase is passed
2022-08-17 23:54:16 INFO  ebanking:20 - Username is provided
2022-08-17 23:54:16 INFO  ebanking:23 - Password is provided
2022-08-17 23:54:17 INFO  ebanking:26 - loginbutton is clicked
2022-08-17 23:54:17 INFO  ebanking:31 - Customer Id is readed from json file
2022-08-17 23:54:18 INFO  ebanking:36 - Edit customer Button is clicked
2022-08-17 23:54:18 INFO  ebanking:39 - customer Id is passed on the edit customer page
2022-08-17 23:54:19 INFO  ebanking:43 - submit button is clicked
2022-08-17 23:54:26 INFO  ebanking:49 - Testcase is passed
2022-08-17 23:59:24 INFO  ebanking:23 - Username provided
2022-08-17 23:59:24 INFO  ebanking:26 - Password provided
2022-08-17 23:59:25 INFO  ebanking:31 - Customer details provided....
2022-08-17 23:59:27 INFO  ebanking:61 - Verifing whether the Customer is add Successfully.....
2022-08-17 23:59:27 INFO  ebanking:68 - TestCase is passed
2022-08-17 23:59:32 INFO  ebanking:20 - Username is provided
2022-08-17 23:59:32 INFO  ebanking:23 - Password is provided
2022-08-17 23:59:34 INFO  ebanking:26 - loginbutton is clicked
2022-08-17 23:59:34 INFO  ebanking:31 - Customer Id is readed from json file
2022-08-17 23:59:34 INFO  ebanking:36 - Edit customer Button is clicked
2022-08-17 23:59:34 INFO  ebanking:39 - customer Id is passed on the edit customer page
2022-08-17 23:59:35 INFO  ebanking:43 - submit button is clicked
2022-08-17 23:59:42 INFO  ebanking:49 - Testcase is passed
2022-08-18 00:00:06 INFO  ebanking:23 - Username provided
2022-08-18 00:00:06 INFO  ebanking:26 - Password provided
2022-08-18 00:00:07 INFO  ebanking:31 - Customer details provided....
2022-08-18 00:00:10 INFO  ebanking:61 - Verifing whether the Customer is add Successfully.....
2022-08-18 00:00:10 INFO  ebanking:68 - TestCase is passed
2022-08-18 00:00:14 INFO  ebanking:20 - Username is provided
2022-08-18 00:00:14 INFO  ebanking:23 - Password is provided
2022-08-18 00:00:16 INFO  ebanking:26 - loginbutton is clicked
2022-08-18 00:00:16 INFO  ebanking:31 - Customer Id is readed from json file
2022-08-18 00:00:16 INFO  ebanking:36 - Edit customer Button is clicked
2022-08-18 00:00:16 INFO  ebanking:39 - customer Id is passed on the edit customer page
2022-08-18 00:00:17 INFO  ebanking:43 - submit button is clicked
2022-08-18 00:00:24 INFO  ebanking:49 - Testcase is passed
2022-08-18 00:16:20 INFO  ebanking:23 - Username provided
2022-08-18 00:16:21 INFO  ebanking:26 - Password provided
2022-08-18 00:16:22 INFO  ebanking:31 - Customer details provided....
2022-08-18 00:16:24 INFO  ebanking:61 - Verifing whether the Customer is add Successfully.....
2022-08-18 00:16:24 INFO  ebanking:68 - TestCase is passed
2022-08-18 00:16:30 INFO  ebanking:20 - Username is provided
2022-08-18 00:16:30 INFO  ebanking:23 - Password is provided
2022-08-18 00:16:31 INFO  ebanking:26 - loginbutton is clicked
2022-08-18 00:16:31 INFO  ebanking:31 - Customer Id is readed from json file
2022-08-18 00:16:33 INFO  ebanking:36 - Edit customer Button is clicked
2022-08-18 00:16:33 INFO  ebanking:39 - customer Id is passed on the edit customer page
2022-08-18 00:16:33 INFO  ebanking:43 - submit button is clicked
2022-08-18 00:16:41 INFO  ebanking:53 - Test case is passed
2022-08-18 00:19:41 INFO  ebanking:23 - Username provided
2022-08-18 00:19:41 INFO  ebanking:26 - Password provided
2022-08-18 00:19:42 INFO  ebanking:31 - Customer details provided....
2022-08-18 00:19:45 INFO  ebanking:61 - Verifing whether the Customer is add Successfully.....
2022-08-18 00:19:45 INFO  ebanking:68 - TestCase is passed
2022-08-18 00:19:50 INFO  ebanking:20 - Username is provided
2022-08-18 00:19:50 INFO  ebanking:23 - Password is provided
2022-08-18 00:19:52 INFO  ebanking:26 - loginbutton is clicked
2022-08-18 00:19:52 INFO  ebanking:31 - Customer Id is readed from json file
2022-08-18 00:19:52 INFO  ebanking:36 - Edit customer Button is clicked
2022-08-18 00:19:53 INFO  ebanking:39 - customer Id is passed on the edit customer page
2022-08-18 00:19:53 INFO  ebanking:43 - submit button is clicked
2022-08-18 00:20:01 INFO  ebanking:59 - Test case is failed
2022-08-18 00:23:47 INFO  ebanking:23 - Username provided
2022-08-18 00:23:47 INFO  ebanking:26 - Password provided
2022-08-18 00:23:48 INFO  ebanking:31 - Customer details provided....
2022-08-18 00:23:51 INFO  ebanking:61 - Verifing whether the Customer is add Successfully.....
2022-08-18 00:23:51 INFO  ebanking:68 - TestCase is passed
2022-08-18 00:23:56 INFO  ebanking:20 - Username is provided
2022-08-18 00:23:56 INFO  ebanking:23 - Password is provided
2022-08-18 00:23:57 INFO  ebanking:26 - loginbutton is clicked
2022-08-18 00:23:57 INFO  ebanking:31 - Customer Id is readed from json file
2022-08-18 00:23:58 INFO  ebanking:36 - Edit customer Button is clicked
2022-08-18 00:23:58 INFO  ebanking:39 - customer Id is passed on the edit customer page
2022-08-18 00:23:58 INFO  ebanking:43 - submit button is clicked
2022-08-18 00:23:59 INFO  ebanking:58 - Test case is failed
2022-08-18 00:25:16 INFO  ebanking:23 - Username provided
2022-08-18 00:25:16 INFO  ebanking:26 - Password provided
2022-08-18 00:25:17 INFO  ebanking:31 - Customer details provided....
2022-08-18 00:25:19 INFO  ebanking:61 - Verifing whether the Customer is add Successfully.....
2022-08-18 00:25:19 INFO  ebanking:68 - TestCase is passed
2022-08-18 00:25:24 INFO  ebanking:20 - Username is provided
2022-08-18 00:25:24 INFO  ebanking:23 - Password is provided
2022-08-18 00:25:25 INFO  ebanking:26 - loginbutton is clicked
2022-08-18 00:25:25 INFO  ebanking:31 - Customer Id is readed from json file
2022-08-18 00:25:26 INFO  ebanking:36 - Edit customer Button is clicked
2022-08-18 00:25:26 INFO  ebanking:39 - customer Id is passed on the edit customer page
2022-08-18 00:25:27 INFO  ebanking:43 - submit button is clicked
2022-08-18 00:25:27 INFO  ebanking:58 - Test case is failed
2022-08-18 00:27:58 INFO  ebanking:23 - Username provided
2022-08-18 00:27:58 INFO  ebanking:26 - Password provided
2022-08-18 00:27:59 INFO  ebanking:31 - Customer details provided....
2022-08-18 00:28:05 INFO  ebanking:20 - Username is provided
2022-08-18 00:28:05 INFO  ebanking:23 - Password is provided
2022-08-18 00:28:07 INFO  ebanking:26 - loginbutton is clicked
2022-08-18 00:28:07 INFO  ebanking:31 - Customer Id is readed from json file
2022-08-18 00:28:07 INFO  ebanking:36 - Edit customer Button is clicked
2022-08-18 00:28:07 INFO  ebanking:39 - customer Id is passed on the edit customer page
2022-08-18 00:28:08 INFO  ebanking:43 - submit button is clicked
2022-08-18 00:28:08 INFO  ebanking:58 - Test case is failed
2022-08-18 00:29:06 INFO  ebanking:23 - Username provided
2022-08-18 00:29:06 INFO  ebanking:26 - Password provided
2022-08-18 00:29:07 INFO  ebanking:31 - Customer details provided....
2022-08-18 00:29:09 INFO  ebanking:61 - Verifing whether the Customer is add Successfully.....
2022-08-18 00:29:10 INFO  ebanking:68 - TestCase is passed
2022-08-18 00:29:14 INFO  ebanking:20 - Username is provided
2022-08-18 00:29:14 INFO  ebanking:23 - Password is provided
2022-08-18 00:29:15 INFO  ebanking:26 - loginbutton is clicked
2022-08-18 00:29:15 INFO  ebanking:31 - Customer Id is readed from json file
2022-08-18 00:29:16 INFO  ebanking:36 - Edit customer Button is clicked
2022-08-18 00:29:16 INFO  ebanking:39 - customer Id is passed on the edit customer page
2022-08-18 00:29:17 INFO  ebanking:43 - submit button is clicked
2022-08-18 00:29:17 INFO  ebanking:58 - Test case is failed
2022-08-18 00:31:16 INFO  ebanking:23 - Username provided
2022-08-18 00:31:16 INFO  ebanking:26 - Password provided
2022-08-18 00:31:18 INFO  ebanking:31 - Customer details provided....
2022-08-18 00:31:20 INFO  ebanking:61 - Verifing whether the Customer is add Successfully.....
2022-08-18 00:31:20 INFO  ebanking:68 - TestCase is passed
2022-08-18 00:31:25 INFO  ebanking:20 - Username is provided
2022-08-18 00:31:25 INFO  ebanking:23 - Password is provided
2022-08-18 00:31:27 INFO  ebanking:26 - loginbutton is clicked
2022-08-18 00:31:27 INFO  ebanking:31 - Customer Id is readed from json file
2022-08-18 00:31:28 INFO  ebanking:36 - Edit customer Button is clicked
2022-08-18 00:31:28 INFO  ebanking:39 - customer Id is passed on the edit customer page
2022-08-18 00:31:29 INFO  ebanking:43 - submit button is clicked
2022-08-18 00:31:29 INFO  ebanking:52 - Test case is passed
2022-08-18 00:37:07 INFO  ebanking:23 - Username provided
2022-08-18 00:37:08 INFO  ebanking:26 - Password provided
2022-08-18 00:37:09 INFO  ebanking:31 - Customer details provided....
2022-08-18 00:37:13 INFO  ebanking:61 - Verifing whether the Customer is add Successfully.....
2022-08-18 00:37:13 INFO  ebanking:68 - TestCase is passed
2022-08-18 00:37:18 INFO  ebanking:20 - Username is provided
2022-08-18 00:37:18 INFO  ebanking:23 - Password is provided
2022-08-18 00:37:20 INFO  ebanking:26 - loginbutton is clicked
2022-08-18 00:37:20 INFO  ebanking:31 - Customer Id is readed from json file
2022-08-18 00:37:20 INFO  ebanking:36 - Edit customer Button is clicked
2022-08-18 00:37:20 INFO  ebanking:39 - customer Id is passed on the edit customer page
2022-08-18 00:37:21 INFO  ebanking:43 - submit button is clicked
2022-08-18 00:37:21 INFO  ebanking:52 - Test case is passed
2022-08-18 10:44:20 INFO  ebanking:23 - Username provided
2022-08-18 10:44:20 INFO  ebanking:26 - Password provided
2022-08-18 10:44:22 INFO  ebanking:31 - Customer details provided....
2022-08-18 10:44:30 INFO  ebanking:20 - Username is provided
2022-08-18 10:44:30 INFO  ebanking:23 - Password is provided
2022-08-18 10:44:32 INFO  ebanking:26 - loginbutton is clicked
2022-08-18 10:44:32 INFO  ebanking:31 - Customer Id is readed from json file
2022-08-18 10:44:33 INFO  ebanking:36 - Edit customer Button is clicked
2022-08-18 10:44:33 INFO  ebanking:39 - customer Id is passed on the edit customer page
2022-08-18 10:44:33 INFO  ebanking:43 - submit button is clicked
2022-08-18 10:44:33 INFO  ebanking:52 - Test case is passed
2022-08-18 10:45:03 INFO  ebanking:23 - Username provided
2022-08-18 10:45:03 INFO  ebanking:26 - Password provided
2022-08-18 10:45:05 INFO  ebanking:31 - Customer details provided....
2022-08-18 10:45:13 INFO  ebanking:20 - Username is provided
2022-08-18 10:45:13 INFO  ebanking:23 - Password is provided
2022-08-18 10:45:15 INFO  ebanking:26 - loginbutton is clicked
2022-08-18 10:45:15 INFO  ebanking:31 - Customer Id is readed from json file
2022-08-18 10:45:15 INFO  ebanking:36 - Edit customer Button is clicked
2022-08-18 10:45:16 INFO  ebanking:39 - customer Id is passed on the edit customer page
2022-08-18 10:45:16 INFO  ebanking:43 - submit button is clicked
2022-08-18 10:45:16 INFO  ebanking:52 - Test case is passed
2022-08-18 10:46:29 INFO  ebanking:23 - Username provided
2022-08-18 10:46:29 INFO  ebanking:26 - Password provided
2022-08-18 10:46:31 INFO  ebanking:31 - Customer details provided....
2022-08-18 10:46:39 INFO  ebanking:20 - Username is provided
2022-08-18 10:46:39 INFO  ebanking:23 - Password is provided
2022-08-18 10:46:41 INFO  ebanking:26 - loginbutton is clicked
2022-08-18 10:46:41 INFO  ebanking:31 - Customer Id is readed from json file
2022-08-18 10:46:41 INFO  ebanking:36 - Edit customer Button is clicked
2022-08-18 10:46:41 INFO  ebanking:39 - customer Id is passed on the edit customer page
2022-08-18 10:46:42 INFO  ebanking:43 - submit button is clicked
2022-08-18 10:46:42 INFO  ebanking:52 - Test case is passed
2022-08-18 10:48:07 INFO  ebanking:23 - Username provided
2022-08-18 10:48:07 INFO  ebanking:26 - Password provided
2022-08-18 10:48:08 INFO  ebanking:31 - Customer details provided....
2022-08-18 10:48:10 INFO  ebanking:55 - Submit Button is clicked
2022-08-18 10:48:16 INFO  ebanking:20 - Username is provided
2022-08-18 10:48:16 INFO  ebanking:23 - Password is provided
2022-08-18 10:48:18 INFO  ebanking:26 - loginbutton is clicked
2022-08-18 10:48:18 INFO  ebanking:31 - Customer Id is readed from json file
2022-08-18 10:48:19 INFO  ebanking:36 - Edit customer Button is clicked
2022-08-18 10:48:19 INFO  ebanking:39 - customer Id is passed on the edit customer page
2022-08-18 10:48:19 INFO  ebanking:43 - submit button is clicked
2022-08-18 10:48:19 INFO  ebanking:52 - Test case is passed
2022-08-18 10:50:50 INFO  ebanking:25 - Username provided
2022-08-18 10:50:50 INFO  ebanking:28 - Password provided
2022-08-18 10:50:52 INFO  ebanking:33 - Customer details provided....
2022-08-18 10:50:54 INFO  ebanking:57 - Submit Button is clicked
2022-08-18 10:51:06 INFO  ebanking:20 - Username is provided
2022-08-18 10:51:06 INFO  ebanking:23 - Password is provided
2022-08-18 10:51:08 INFO  ebanking:26 - loginbutton is clicked
2022-08-18 10:51:08 INFO  ebanking:31 - Customer Id is readed from json file
2022-08-18 10:51:08 INFO  ebanking:36 - Edit customer Button is clicked
2022-08-18 10:51:08 INFO  ebanking:39 - customer Id is passed on the edit customer page
2022-08-18 10:51:09 INFO  ebanking:43 - submit button is clicked
2022-08-18 10:51:09 INFO  ebanking:52 - Test case is passed
2022-08-18 11:03:12 INFO  ebanking:25 - Username provided
2022-08-18 11:03:12 INFO  ebanking:28 - Password provided
2022-08-18 11:03:14 INFO  ebanking:33 - Customer details provided....
2022-08-18 11:03:15 INFO  ebanking:57 - Submit Button is clicked
2022-08-18 11:04:30 INFO  ebanking:25 - Username provided
2022-08-18 11:04:31 INFO  ebanking:28 - Password provided
2022-08-18 11:04:32 INFO  ebanking:33 - Customer details provided....
2022-08-18 11:04:34 INFO  ebanking:57 - Submit Button is clicked
2022-08-18 11:05:29 INFO  ebanking:25 - Username provided
2022-08-18 11:05:29 INFO  ebanking:28 - Password provided
2022-08-18 11:05:30 INFO  ebanking:33 - Customer details provided....
2022-08-18 11:05:33 INFO  ebanking:57 - Submit Button is clicked
2022-08-18 11:05:38 INFO  ebanking:64 - Customer id is updated
2022-08-18 11:05:38 INFO  ebanking:67 - Verifing whether the Customer is add Successfully.....
2022-08-18 11:05:38 INFO  ebanking:74 - TestCase is passed
2022-08-18 11:06:06 INFO  ebanking:25 - Username provided
2022-08-18 11:06:06 INFO  ebanking:28 - Password provided
2022-08-18 11:06:08 INFO  ebanking:33 - Customer details provided....
2022-08-18 11:06:09 INFO  ebanking:57 - Submit Button is clicked
2022-08-18 11:07:42 INFO  ebanking:25 - Username provided
2022-08-18 11:07:42 INFO  ebanking:28 - Password provided
2022-08-18 11:07:44 INFO  ebanking:33 - Customer details provided....
2022-08-18 11:07:49 INFO  ebanking:59 - Submit Button is clicked
2022-08-18 11:09:54 INFO  ebanking:25 - Username provided
2022-08-18 11:09:54 INFO  ebanking:28 - Password provided
2022-08-18 11:09:55 INFO  ebanking:33 - Customer details provided....
2022-08-18 11:10:01 INFO  ebanking:59 - Submit Button is clicked
2022-08-18 11:11:22 INFO  ebanking:25 - Username provided
2022-08-18 11:11:22 INFO  ebanking:28 - Password provided
2022-08-18 11:11:24 INFO  ebanking:33 - Customer details provided....
2022-08-18 11:11:30 INFO  ebanking:59 - Submit Button is clicked
2022-08-18 11:13:59 INFO  ebanking:25 - Username provided
2022-08-18 11:13:59 INFO  ebanking:28 - Password provided
2022-08-18 11:14:01 INFO  ebanking:33 - Customer details provided....
2022-08-18 11:14:06 INFO  ebanking:60 - Submit Button is clicked
2022-08-18 11:15:30 INFO  ebanking:25 - Username provided
2022-08-18 11:15:30 INFO  ebanking:28 - Password provided
2022-08-18 11:15:31 INFO  ebanking:33 - Customer details provided....
2022-08-18 11:15:34 INFO  ebanking:57 - Submit Button is clicked
2022-08-18 11:15:34 INFO  ebanking:64 - Customer id is updated
2022-08-18 11:15:34 INFO  ebanking:67 - Verifing whether the Customer is add Successfully.....
2022-08-18 11:15:34 INFO  ebanking:74 - TestCase is passed
2022-08-18 11:54:11 INFO  ebanking:25 - Username provided
2022-08-18 11:54:11 INFO  ebanking:28 - Password provided
2022-08-18 11:54:12 INFO  ebanking:33 - Customer details provided....
2022-08-18 11:54:15 INFO  ebanking:57 - Submit Button is clicked
2022-08-18 11:54:15 INFO  ebanking:64 - 29516
2022-08-18 11:54:15 INFO  ebanking:65 - Customer id is updated
2022-08-18 11:54:15 INFO  ebanking:68 - Verifing whether the Customer is add Successfully.....
2022-08-18 11:54:15 INFO  ebanking:75 - TestCase is passed
2022-08-18 11:54:20 INFO  ebanking:20 - Username is provided
2022-08-18 11:54:21 INFO  ebanking:23 - Password is provided
2022-08-18 11:54:22 INFO  ebanking:26 - loginbutton is clicked
2022-08-18 11:54:22 INFO  ebanking:31 - 29516
2022-08-18 11:54:22 INFO  ebanking:32 - Customer Id is readed from json file
2022-08-18 11:54:23 INFO  ebanking:37 - Edit customer Button is clicked
2022-08-18 11:54:23 INFO  ebanking:40 - customer Id is passed on the edit customer page
2022-08-18 11:54:24 INFO  ebanking:44 - submit button is clicked
2022-08-18 11:54:24 INFO  ebanking:53 - Test case is passed
2022-08-18 11:57:13 INFO  ebanking:25 - Username provided
2022-08-18 11:57:13 INFO  ebanking:28 - Password provided
2022-08-18 11:57:14 INFO  ebanking:33 - Customer details provided....
2022-08-18 11:57:17 INFO  ebanking:57 - Submit Button is clicked
2022-08-18 11:57:17 INFO  ebanking:64 - 50467
2022-08-18 11:57:17 INFO  ebanking:65 - Customer id is updated
2022-08-18 11:57:17 INFO  ebanking:68 - Verifing whether the Customer is add Successfully.....
2022-08-18 11:57:17 INFO  ebanking:75 - TestCase is passed
2022-08-18 11:58:11 INFO  ebanking:25 - Username provided
2022-08-18 11:58:11 INFO  ebanking:28 - Password provided
2022-08-18 11:58:12 INFO  ebanking:33 - Customer details provided....
2022-08-18 11:58:16 INFO  ebanking:57 - Submit Button is clicked
2022-08-18 11:58:16 INFO  ebanking:64 - 50059
2022-08-18 11:58:16 INFO  ebanking:65 - Customer id is updated
2022-08-18 11:58:16 INFO  ebanking:68 - Verifing whether the Customer is add Successfully.....
2022-08-18 11:58:16 INFO  ebanking:75 - TestCase is passed
2022-08-18 11:58:46 INFO  ebanking:25 - Username provided
2022-08-18 11:58:46 INFO  ebanking:28 - Password provided
2022-08-18 11:58:47 INFO  ebanking:33 - Customer details provided....
2022-08-18 11:58:49 INFO  ebanking:57 - Submit Button is clicked
2022-08-18 11:58:49 INFO  ebanking:64 - 50243
2022-08-18 11:58:49 INFO  ebanking:65 - Customer id is updated
2022-08-18 11:58:49 INFO  ebanking:68 - Verifing whether the Customer is add Successfully.....
2022-08-18 11:58:49 INFO  ebanking:75 - TestCase is passed
2022-08-18 12:08:26 INFO  ebanking:19 - username provided
2022-08-18 12:08:26 INFO  ebanking:21 - Password provided
2022-08-18 12:08:28 INFO  ebanking:35 - login passed
2022-08-18 12:08:30 INFO  ebanking:19 - username provided
2022-08-18 12:08:30 INFO  ebanking:21 - Password provided
2022-08-18 12:08:32 WARN  ebanking:28 - login failed
2022-08-18 12:08:32 INFO  ebanking:19 - username provided
2022-08-18 12:08:32 INFO  ebanking:21 - Password provided
2022-08-18 12:08:34 WARN  ebanking:28 - login failed
2022-08-18 12:08:34 INFO  ebanking:19 - username provided
2022-08-18 12:08:34 INFO  ebanking:21 - Password provided
2022-08-18 12:08:35 INFO  ebanking:35 - login passed
2022-08-18 12:08:36 INFO  ebanking:19 - username provided
2022-08-18 12:08:37 INFO  ebanking:21 - Password provided
2022-08-18 12:08:38 WARN  ebanking:28 - login failed
2022-08-18 12:29:29 INFO  ebanking:29 - Username provided
2022-08-18 12:29:29 INFO  ebanking:32 - Password provided
2022-08-18 12:29:30 INFO  ebanking:37 - Customer details provided....
2022-08-18 12:29:34 INFO  ebanking:68 - Submit Button is clicked
2022-08-18 12:29:34 INFO  ebanking:75 - 61459
2022-08-18 12:29:34 INFO  ebanking:76 - Customer id is updated
2022-08-18 12:29:34 INFO  ebanking:79 - Verifing whether the Customer is add Successfully.....
2022-08-18 12:29:34 INFO  ebanking:86 - TestCase is passed
2022-08-18 12:30:53 INFO  ebanking:29 - Username provided
2022-08-18 12:30:53 INFO  ebanking:32 - Password provided
2022-08-18 12:30:54 INFO  ebanking:37 - Customer details provided....
2022-08-18 12:30:58 INFO  ebanking:68 - Submit Button is clicked
2022-08-18 12:30:58 INFO  ebanking:75 - 67653
2022-08-18 12:30:58 INFO  ebanking:76 - Customer id is updated
2022-08-18 12:30:58 INFO  ebanking:79 - Verifing whether the Customer is add Successfully.....
2022-08-18 12:30:58 INFO  ebanking:86 - TestCase is passed
2022-08-18 12:32:20 INFO  ebanking:29 - Username provided
2022-08-18 12:32:20 INFO  ebanking:32 - Password provided
2022-08-18 12:32:21 INFO  ebanking:37 - Customer details provided....
2022-08-18 12:32:24 INFO  ebanking:68 - Submit Button is clicked
2022-08-18 12:33:18 INFO  ebanking:29 - Username provided
2022-08-18 12:33:18 INFO  ebanking:32 - Password provided
2022-08-18 12:33:19 INFO  ebanking:37 - Customer details provided....
2022-08-18 12:33:22 INFO  ebanking:65 - Submit Button is clicked
2022-08-18 12:33:48 INFO  ebanking:29 - Username provided
2022-08-18 12:33:48 INFO  ebanking:32 - Password provided
2022-08-18 12:33:49 INFO  ebanking:37 - Customer details provided....
2022-08-18 12:33:52 INFO  ebanking:65 - Submit Button is clicked
2022-08-18 12:34:33 INFO  ebanking:29 - Username provided
2022-08-18 12:34:33 INFO  ebanking:32 - Password provided
2022-08-18 12:34:35 INFO  ebanking:37 - Customer details provided....
2022-08-18 12:34:37 INFO  ebanking:65 - Submit Button is clicked
2022-08-18 12:35:06 INFO  ebanking:29 - Username provided
2022-08-18 12:35:06 INFO  ebanking:32 - Password provided
2022-08-18 12:35:07 INFO  ebanking:37 - Customer details provided....
2022-08-18 12:35:11 INFO  ebanking:65 - Submit Button is clicked
2022-08-18 12:35:16 INFO  ebanking:73 - 20659
2022-08-18 12:35:16 INFO  ebanking:74 - Customer id is updated
2022-08-18 12:35:16 INFO  ebanking:77 - Verifing whether the Customer is add Successfully.....
2022-08-18 12:35:17 INFO  ebanking:84 - TestCase is passed
2022-08-18 14:23:19 INFO  ebanking:20 - Username is provided
2022-08-18 14:23:19 INFO  ebanking:23 - Password is provided
2022-08-18 14:23:20 INFO  ebanking:26 - loginbutton is clicked
2022-08-18 14:23:20 INFO  ebanking:31 - 20659
2022-08-18 14:23:20 INFO  ebanking:32 - Customer Id is readed from json file
2022-08-18 14:23:20 INFO  ebanking:37 - Edit customer Button is clicked
2022-08-18 14:23:20 INFO  ebanking:40 - customer Id is passed on the edit customer page
2022-08-18 14:23:21 INFO  ebanking:44 - submit button is clicked
2022-08-18 14:23:21 INFO  ebanking:53 - Test case is passed
2022-08-18 14:24:03 INFO  ebanking:28 - Username provided
2022-08-18 14:24:03 INFO  ebanking:31 - Password provided
2022-08-18 14:24:04 INFO  ebanking:36 - Customer details provided....
2022-08-18 14:24:05 INFO  ebanking:61 - Submit Button is clicked
2022-08-18 14:24:10 INFO  ebanking:20 - Username is provided
2022-08-18 14:24:10 INFO  ebanking:23 - Password is provided
2022-08-18 14:24:11 INFO  ebanking:26 - loginbutton is clicked
2022-08-18 14:24:11 INFO  ebanking:31 - 20659
2022-08-18 14:24:11 INFO  ebanking:32 - Customer Id is readed from json file
2022-08-18 14:24:11 INFO  ebanking:37 - Edit customer Button is clicked
2022-08-18 14:24:12 INFO  ebanking:40 - customer Id is passed on the edit customer page
2022-08-18 14:24:12 INFO  ebanking:44 - submit button is clicked
2022-08-18 14:24:12 INFO  ebanking:53 - Test case is passed
2022-08-18 14:26:09 INFO  ebanking:28 - Username provided
2022-08-18 14:26:09 INFO  ebanking:31 - Password provided
2022-08-18 14:26:10 INFO  ebanking:36 - Customer details provided....
2022-08-18 14:26:12 INFO  ebanking:61 - Submit Button is clicked
2022-08-18 14:26:12 INFO  ebanking:67 - 38418
2022-08-18 14:26:12 INFO  ebanking:68 - Customer id is updated
2022-08-18 14:26:12 INFO  ebanking:71 - Verifing whether the Customer is add Successfully.....
2022-08-18 14:26:12 INFO  ebanking:78 - TestCase is passed
2022-08-18 14:26:16 INFO  ebanking:20 - Username is provided
2022-08-18 14:26:17 INFO  ebanking:23 - Password is provided
2022-08-18 14:26:18 INFO  ebanking:26 - loginbutton is clicked
2022-08-18 14:26:18 INFO  ebanking:31 - 38418
2022-08-18 14:26:18 INFO  ebanking:32 - Customer Id is readed from json file
2022-08-18 14:26:18 INFO  ebanking:37 - Edit customer Button is clicked
2022-08-18 14:26:18 INFO  ebanking:40 - customer Id is passed on the edit customer page
2022-08-18 14:26:19 INFO  ebanking:44 - submit button is clicked
2022-08-18 14:26:19 INFO  ebanking:53 - Test case is passed
2022-08-18 14:53:20 INFO  ebanking:20 - Username is provided
2022-08-18 14:53:20 INFO  ebanking:23 - Passsword is provided
2022-08-18 14:53:21 INFO  ebanking:26 - Submit Button is clicked
2022-08-18 14:53:21 INFO  ebanking:31 - New customer Button is clicked
2022-08-18 14:53:21 INFO  ebanking:33 - Entering customer details......
2022-08-18 14:53:22 INFO  ebanking:55 - Submit button is clicked
2022-08-18 14:55:00 INFO  ebanking:20 - Username is provided
2022-08-18 14:55:00 INFO  ebanking:23 - Passsword is provided
2022-08-18 14:55:02 INFO  ebanking:26 - Submit Button is clicked
2022-08-18 14:55:02 INFO  ebanking:31 - New customer Button is clicked
2022-08-18 14:55:02 INFO  ebanking:33 - Entering customer details......
2022-08-18 14:55:03 INFO  ebanking:55 - Submit button is clicked
2022-08-18 18:32:14 INFO  ebanking:20 - Username is provided
2022-08-18 18:32:14 INFO  ebanking:23 - Passsword is provided
2022-08-18 18:32:15 INFO  ebanking:26 - Submit Button is clicked
2022-08-18 18:32:16 INFO  ebanking:31 - New customer Button is clicked
2022-08-18 18:32:16 INFO  ebanking:33 - Entering customer details......
2022-08-18 18:32:18 INFO  ebanking:55 - Submit button is clicked
2022-08-18 18:35:47 INFO  ebanking:20 - Username is provided
2022-08-18 18:35:47 INFO  ebanking:23 - Passsword is provided
2022-08-18 18:35:48 INFO  ebanking:26 - Submit Button is clicked
2022-08-18 18:35:48 INFO  ebanking:31 - New customer Button is clicked
2022-08-18 18:35:48 INFO  ebanking:33 - Entering customer details......
2022-08-18 18:35:50 INFO  ebanking:55 - Submit button is clicked
2022-08-18 18:36:59 INFO  ebanking:20 - Username is provided
2022-08-18 18:36:59 INFO  ebanking:23 - Passsword is provided
2022-08-18 18:37:00 INFO  ebanking:26 - Submit Button is clicked
2022-08-18 18:37:01 INFO  ebanking:31 - New customer Button is clicked
2022-08-18 18:37:01 INFO  ebanking:33 - Entering customer details......
2022-08-18 18:37:02 INFO  ebanking:55 - Submit button is clicked
2022-08-18 18:37:03 INFO  ebanking:64 - Test Case is passed
2022-08-18 18:37:36 INFO  ebanking:19 - Username provided
2022-08-18 18:37:36 INFO  ebanking:22 - Password provided
2022-08-18 18:37:37 INFO  ebanking:36 - login passed
2022-08-18 18:37:39 INFO  ebanking:19 - Username provided
2022-08-18 18:37:39 INFO  ebanking:22 - Password provided
2022-08-18 18:37:40 WARN  ebanking:30 - login failed
2022-08-18 18:37:40 INFO  ebanking:19 - Username provided
2022-08-18 18:37:41 INFO  ebanking:22 - Password provided
2022-08-18 18:37:42 WARN  ebanking:30 - login failed
2022-08-18 18:37:42 INFO  ebanking:19 - Username provided
2022-08-18 18:37:42 INFO  ebanking:22 - Password provided
2022-08-18 18:37:43 INFO  ebanking:36 - login passed
2022-08-18 18:37:45 INFO  ebanking:19 - Username provided
2022-08-18 18:37:45 INFO  ebanking:22 - Password provided
2022-08-18 18:37:46 WARN  ebanking:30 - login failed
2022-08-18 18:37:51 INFO  ebanking:20 - Username is provided
2022-08-18 18:37:51 INFO  ebanking:23 - Passsword is provided
2022-08-18 18:37:52 INFO  ebanking:26 - Submit Button is clicked
2022-08-18 18:37:53 INFO  ebanking:31 - New customer Button is clicked
2022-08-18 18:37:53 INFO  ebanking:33 - Entering customer details......
2022-08-18 18:37:55 INFO  ebanking:55 - Submit button is clicked
2022-08-18 18:37:55 INFO  ebanking:64 - Test Case is passed
2022-08-18 18:39:34 INFO  ebanking:20 - Username is provided
2022-08-18 18:39:34 INFO  ebanking:23 - Passsword is provided
2022-08-18 18:39:35 INFO  ebanking:26 - Submit Button is clicked
2022-08-18 18:39:35 INFO  ebanking:31 - New customer Button is clicked
2022-08-18 18:39:35 INFO  ebanking:33 - Entering customer details......
2022-08-18 18:39:37 INFO  ebanking:55 - Submit button is clicked
2022-08-18 18:44:06 INFO  ebanking:20 - Username is provided
2022-08-18 18:44:06 INFO  ebanking:23 - Passsword is provided
2022-08-18 18:44:07 INFO  ebanking:26 - Submit Button is clicked
2022-08-18 18:44:08 INFO  ebanking:31 - New customer Button is clicked
2022-08-18 18:44:08 INFO  ebanking:33 - Entering customer details......
2022-08-18 18:44:10 INFO  ebanking:55 - Submit button is clicked
2022-08-18 18:44:10 INFO  ebanking:65 - Test Case is passed
2022-08-18 18:44:10 INFO  ebanking:68 - New customer Button is clicked
2022-08-18 18:45:11 INFO  ebanking:20 - Username is provided
2022-08-18 18:45:11 INFO  ebanking:23 - Passsword is provided
2022-08-18 18:45:12 INFO  ebanking:26 - Submit Button is clicked
2022-08-18 18:45:13 INFO  ebanking:31 - New customer Button is clicked
2022-08-18 18:45:13 INFO  ebanking:33 - Entering customer details......
2022-08-18 18:45:15 INFO  ebanking:55 - Submit button is clicked
2022-08-18 18:45:15 INFO  ebanking:65 - Test Case is passed
2022-08-18 18:45:15 INFO  ebanking:68 - New customer Button is clicked
2022-08-18 18:46:55 INFO  ebanking:20 - Username is provided
2022-08-18 18:46:55 INFO  ebanking:23 - Passsword is provided
2022-08-18 18:46:57 INFO  ebanking:26 - Submit Button is clicked
2022-08-18 18:46:57 INFO  ebanking:31 - New customer Button is clicked
2022-08-18 18:46:57 INFO  ebanking:33 - Entering customer details......
2022-08-18 18:46:59 INFO  ebanking:55 - Submit button is clicked
2022-08-18 18:46:59 INFO  ebanking:65 - Test Case is passed
2022-08-18 18:47:28 INFO  ebanking:20 - Username is provided
2022-08-18 18:47:28 INFO  ebanking:23 - Passsword is provided
2022-08-18 18:47:29 INFO  ebanking:26 - Submit Button is clicked
2022-08-18 18:47:30 INFO  ebanking:31 - New customer Button is clicked
2022-08-18 18:47:30 INFO  ebanking:33 - Entering customer details......
2022-08-18 18:47:32 INFO  ebanking:55 - Submit button is clicked
2022-08-18 18:47:32 INFO  ebanking:65 - Test Case is passed
2022-08-18 18:49:53 INFO  ebanking:20 - Username is provided
2022-08-18 18:49:53 INFO  ebanking:23 - Passsword is provided
2022-08-18 18:49:54 INFO  ebanking:26 - Submit Button is clicked
2022-08-18 18:49:55 INFO  ebanking:31 - New customer Button is clicked
2022-08-18 18:49:55 INFO  ebanking:33 - Entering customer details......
2022-08-18 18:49:56 INFO  ebanking:55 - Submit button is clicked
2022-08-18 18:50:45 INFO  ebanking:20 - Username is provided
2022-08-18 18:50:45 INFO  ebanking:23 - Passsword is provided
2022-08-18 18:50:47 INFO  ebanking:26 - Submit Button is clicked
2022-08-18 18:50:47 INFO  ebanking:31 - New customer Button is clicked
2022-08-18 18:50:47 INFO  ebanking:33 - Entering customer details......
2022-08-18 18:50:49 INFO  ebanking:55 - Submit button is clicked
2022-08-18 18:50:54 INFO  ebanking:65 - Test Case is passed
2022-08-18 18:51:05 INFO  ebanking:20 - Username is provided
2022-08-18 18:51:05 INFO  ebanking:23 - Passsword is provided
2022-08-18 18:51:06 INFO  ebanking:26 - Submit Button is clicked
2022-08-18 18:51:06 INFO  ebanking:31 - New customer Button is clicked
2022-08-18 18:51:06 INFO  ebanking:33 - Entering customer details......
2022-08-18 18:51:07 INFO  ebanking:55 - Submit button is clicked
2022-08-18 18:52:21 INFO  ebanking:20 - Username is provided
2022-08-18 18:52:21 INFO  ebanking:23 - Passsword is provided
2022-08-18 18:52:22 INFO  ebanking:26 - Submit Button is clicked
2022-08-18 18:52:23 INFO  ebanking:31 - New customer Button is clicked
2022-08-18 18:52:23 INFO  ebanking:33 - Entering customer details......
2022-08-18 18:52:25 INFO  ebanking:55 - Submit button is clicked
2022-08-18 18:52:30 INFO  ebanking:65 - Test Case is passed
2022-08-18 18:53:07 INFO  ebanking:20 - Username is provided
2022-08-18 18:53:07 INFO  ebanking:23 - Passsword is provided
2022-08-18 18:53:09 INFO  ebanking:26 - Submit Button is clicked
2022-08-18 18:53:09 INFO  ebanking:31 - New customer Button is clicked
2022-08-18 18:53:09 INFO  ebanking:33 - Entering customer details......
2022-08-18 18:53:11 INFO  ebanking:55 - Submit button is clicked
2022-08-18 18:53:16 INFO  ebanking:76 - Test Case is failed
2022-08-18 18:53:17 INFO  ebanking:80 - logout Button is clicked
2022-08-18 18:53:18 INFO  ebanking:20 - Username is provided
2022-08-18 18:53:18 INFO  ebanking:23 - Passsword is provided
2022-08-18 18:53:19 INFO  ebanking:26 - Submit Button is clicked
2022-08-18 18:53:19 INFO  ebanking:31 - New customer Button is clicked
2022-08-18 18:53:19 INFO  ebanking:33 - Entering customer details......
2022-08-18 18:53:21 INFO  ebanking:55 - Submit button is clicked
2022-08-18 18:53:26 INFO  ebanking:65 - Test Case is passed
2022-08-18 18:53:34 INFO  ebanking:20 - Username is provided
2022-08-18 18:53:34 INFO  ebanking:23 - Passsword is provided
2022-08-18 18:53:35 INFO  ebanking:26 - Submit Button is clicked
2022-08-18 18:53:35 INFO  ebanking:31 - New customer Button is clicked
2022-08-18 18:53:35 INFO  ebanking:33 - Entering customer details......
2022-08-18 18:53:37 INFO  ebanking:55 - Submit button is clicked
2022-08-18 19:01:15 INFO  ebanking:20 - Username is provided
2022-08-18 19:01:15 INFO  ebanking:23 - Passsword is provided
2022-08-18 19:01:17 INFO  ebanking:26 - Submit Button is clicked
2022-08-18 19:01:17 INFO  ebanking:31 - New customer Button is clicked
2022-08-18 19:01:17 INFO  ebanking:33 - Entering customer details......
2022-08-18 19:01:21 INFO  ebanking:55 - Submit button is clicked
2022-08-18 19:06:51 INFO  ebanking:20 - Username is provided
2022-08-18 19:06:51 INFO  ebanking:23 - Passsword is provided
2022-08-18 19:06:52 INFO  ebanking:26 - Submit Button is clicked
2022-08-18 19:06:53 INFO  ebanking:31 - New customer Button is clicked
2022-08-18 19:06:53 INFO  ebanking:33 - Entering customer details......
2022-08-18 19:06:55 INFO  ebanking:55 - Submit button is clicked
2022-08-18 19:08:34 INFO  ebanking:20 - Username is provided
2022-08-18 19:08:34 INFO  ebanking:23 - Passsword is provided
2022-08-18 19:08:35 INFO  ebanking:26 - Submit Button is clicked
2022-08-18 19:08:36 INFO  ebanking:31 - New customer Button is clicked
2022-08-18 19:08:36 INFO  ebanking:33 - Entering customer details......
2022-08-18 19:08:38 INFO  ebanking:55 - Submit button is clicked
2022-08-18 19:08:59 INFO  ebanking:20 - Username is provided
2022-08-18 19:08:59 INFO  ebanking:23 - Passsword is provided
2022-08-18 19:09:00 INFO  ebanking:26 - Submit Button is clicked
2022-08-18 19:09:00 INFO  ebanking:31 - New customer Button is clicked
2022-08-18 19:09:00 INFO  ebanking:33 - Entering customer details......
2022-08-18 19:09:01 INFO  ebanking:55 - Submit button is clicked
2022-08-18 19:09:53 INFO  ebanking:19 - Username provided
2022-08-18 19:09:53 INFO  ebanking:22 - Password provided
2022-08-18 19:09:55 INFO  ebanking:36 - login passed
2022-08-18 19:09:57 INFO  ebanking:19 - Username provided
2022-08-18 19:09:57 INFO  ebanking:22 - Password provided
2022-08-18 19:09:58 WARN  ebanking:30 - login failed
2022-08-18 19:09:58 INFO  ebanking:19 - Username provided
2022-08-18 19:09:58 INFO  ebanking:22 - Password provided
2022-08-18 19:10:00 WARN  ebanking:30 - login failed
2022-08-18 19:10:00 INFO  ebanking:19 - Username provided
2022-08-18 19:10:00 INFO  ebanking:22 - Password provided
2022-08-18 19:10:01 INFO  ebanking:36 - login passed
2022-08-18 19:10:03 INFO  ebanking:19 - Username provided
2022-08-18 19:10:03 INFO  ebanking:22 - Password provided
2022-08-18 19:10:04 WARN  ebanking:30 - login failed
2022-08-18 19:16:03 INFO  ebanking:20 - Username is provided
2022-08-18 19:16:03 INFO  ebanking:23 - Passsword is provided
2022-08-18 19:16:05 INFO  ebanking:26 - Submit Button is clicked
2022-08-18 19:16:05 INFO  ebanking:31 - New customer Button is clicked
2022-08-18 19:16:05 INFO  ebanking:33 - Entering customer details......
2022-08-18 19:16:07 INFO  ebanking:55 - Submit button is clicked
2022-08-18 19:17:17 INFO  ebanking:20 - Username is provided
2022-08-18 19:17:18 INFO  ebanking:23 - Passsword is provided
2022-08-18 19:17:19 INFO  ebanking:26 - Submit Button is clicked
2022-08-18 19:17:19 INFO  ebanking:31 - New customer Button is clicked
2022-08-18 19:17:19 INFO  ebanking:33 - Entering customer details......
2022-08-18 19:17:21 INFO  ebanking:55 - Submit button is clicked
2022-08-18 19:17:26 INFO  ebanking:64 - Test Case is passed
2022-08-18 19:19:32 INFO  ebanking:20 - Username is provided
2022-08-18 19:19:32 INFO  ebanking:23 - Passsword is provided
2022-08-18 19:19:33 INFO  ebanking:26 - Submit Button is clicked
2022-08-18 19:19:33 INFO  ebanking:31 - New customer Button is clicked
2022-08-18 19:19:33 INFO  ebanking:33 - Entering customer details......
2022-08-18 19:19:35 INFO  ebanking:55 - Submit button is clicked
2022-08-18 19:19:40 INFO  ebanking:65 - Test Case is passed
2022-08-18 19:21:30 INFO  ebanking:20 - Username is provided
2022-08-18 19:21:31 INFO  ebanking:23 - Passsword is provided
2022-08-18 19:21:32 INFO  ebanking:26 - Submit Button is clicked
2022-08-18 19:21:32 INFO  ebanking:31 - New customer Button is clicked
2022-08-18 19:21:32 INFO  ebanking:33 - Entering customer details......
2022-08-18 19:21:34 INFO  ebanking:55 - Submit button is clicked
2022-08-18 19:21:39 INFO  ebanking:65 - login passed
2022-08-18 19:25:35 INFO  ebanking:20 - Username is provided
2022-08-18 19:25:35 INFO  ebanking:23 - Passsword is provided
2022-08-18 19:25:36 INFO  ebanking:26 - Submit Button is clicked
2022-08-18 19:25:37 INFO  ebanking:31 - New customer Button is clicked
2022-08-18 19:25:37 INFO  ebanking:33 - Entering customer details......
2022-08-18 19:25:38 INFO  ebanking:55 - Submit button is clicked
2022-08-18 19:25:39 INFO  ebanking:65 - login passed
2022-08-18 19:28:23 INFO  ebanking:20 - Username is provided
2022-08-18 19:28:23 INFO  ebanking:23 - Passsword is provided
2022-08-18 19:28:24 INFO  ebanking:26 - Submit Button is clicked
2022-08-18 19:28:24 INFO  ebanking:31 - New customer Button is clicked
2022-08-18 19:28:24 INFO  ebanking:33 - Entering customer details......
2022-08-18 19:28:26 INFO  ebanking:55 - Submit button is clicked
2022-08-18 19:28:26 INFO  ebanking:65 - login passed
2022-08-18 19:30:21 INFO  ebanking:20 - Username is provided
2022-08-18 19:30:21 INFO  ebanking:23 - Passsword is provided
2022-08-18 19:30:22 INFO  ebanking:26 - Submit Button is clicked
2022-08-18 19:30:22 INFO  ebanking:31 - New customer Button is clicked
2022-08-18 19:30:22 INFO  ebanking:33 - Entering customer details......
2022-08-18 19:30:24 INFO  ebanking:55 - Submit button is clicked
2022-08-18 19:31:00 INFO  ebanking:20 - Username is provided
2022-08-18 19:31:00 INFO  ebanking:23 - Passsword is provided
2022-08-18 19:31:02 INFO  ebanking:26 - Submit Button is clicked
2022-08-18 19:31:02 INFO  ebanking:31 - New customer Button is clicked
2022-08-18 19:31:02 INFO  ebanking:33 - Entering customer details......
2022-08-18 19:31:04 INFO  ebanking:55 - Submit button is clicked
2022-08-18 19:31:04 INFO  ebanking:65 - login passed
2022-08-18 19:37:19 INFO  ebanking:21 - Username is provided
2022-08-18 19:37:19 INFO  ebanking:24 - Passsword is provided
2022-08-18 19:37:21 INFO  ebanking:27 - Submit Button is clicked
2022-08-18 19:37:21 INFO  ebanking:32 - New customer Button is clicked
2022-08-18 19:37:21 INFO  ebanking:34 - Entering customer details......
2022-08-18 19:37:23 INFO  ebanking:56 - Submit button is clicked
2022-08-18 19:37:23 INFO  ebanking:66 - login passed
2022-08-18 19:38:45 INFO  ebanking:21 - Username is provided
2022-08-18 19:38:45 INFO  ebanking:24 - Passsword is provided
2022-08-18 19:38:47 INFO  ebanking:27 - Submit Button is clicked
2022-08-18 19:38:47 INFO  ebanking:32 - New customer Button is clicked
2022-08-18 19:38:47 INFO  ebanking:34 - Entering customer details......
2022-08-18 19:38:49 INFO  ebanking:56 - Submit button is clicked
2022-08-18 19:38:49 INFO  ebanking:66 - login passed
2022-08-18 19:38:49 INFO  ebanking:70 - Logout Button is clicked
2022-08-18 19:40:14 INFO  ebanking:21 - Username is provided
2022-08-18 19:40:14 INFO  ebanking:24 - Passsword is provided
2022-08-18 19:40:15 INFO  ebanking:27 - Submit Button is clicked
2022-08-18 19:40:16 INFO  ebanking:32 - New customer Button is clicked
2022-08-18 19:40:16 INFO  ebanking:34 - Entering customer details......
2022-08-18 19:40:18 INFO  ebanking:56 - Submit button is clicked
2022-08-18 19:40:18 INFO  ebanking:66 - Test case is  passed
2022-08-18 19:40:19 INFO  ebanking:70 - Logout Button is clicked
2022-08-18 19:43:04 INFO  ebanking:21 - Username is provided
2022-08-18 19:43:04 INFO  ebanking:24 - Passsword is provided
2022-08-18 19:43:05 INFO  ebanking:27 - Submit Button is clicked
2022-08-18 19:43:06 INFO  ebanking:32 - New customer Button is clicked
2022-08-18 19:43:06 INFO  ebanking:34 - Entering customer details......
2022-08-18 19:43:08 INFO  ebanking:56 - Submit button is clicked
2022-08-18 19:43:08 INFO  ebanking:79 - Test Case is failed
2022-08-18 19:43:08 INFO  ebanking:83 - Logout Button is clicked
2022-08-18 19:44:38 INFO  ebanking:21 - Username is provided
2022-08-18 19:44:38 INFO  ebanking:24 - Passsword is provided
2022-08-18 19:44:39 INFO  ebanking:27 - Submit Button is clicked
2022-08-18 19:44:39 INFO  ebanking:32 - New customer Button is clicked
2022-08-18 19:44:39 INFO  ebanking:34 - Entering customer details......
2022-08-18 19:44:41 INFO  ebanking:56 - Submit button is clicked
2022-08-18 19:45:07 INFO  ebanking:21 - Username is provided
2022-08-18 19:45:08 INFO  ebanking:24 - Passsword is provided
2022-08-18 19:45:09 INFO  ebanking:27 - Submit Button is clicked
2022-08-18 19:45:09 INFO  ebanking:32 - New customer Button is clicked
2022-08-18 19:45:09 INFO  ebanking:34 - Entering customer details......
2022-08-18 19:45:11 INFO  ebanking:56 - Submit button is clicked
2022-08-18 19:45:11 INFO  ebanking:66 - Test case is  passed
2022-08-18 19:45:11 INFO  ebanking:70 - Logout Button is clicked
2022-08-18 19:45:32 INFO  ebanking:21 - Username is provided
2022-08-18 19:45:32 INFO  ebanking:24 - Passsword is provided
2022-08-18 19:45:33 INFO  ebanking:27 - Submit Button is clicked
2022-08-18 19:45:33 INFO  ebanking:32 - New customer Button is clicked
2022-08-18 19:45:33 INFO  ebanking:34 - Entering customer details......
2022-08-18 19:45:34 INFO  ebanking:56 - Submit button is clicked
2022-08-18 19:46:31 INFO  ebanking:21 - Username is provided
2022-08-18 19:46:31 INFO  ebanking:24 - Passsword is provided
2022-08-18 19:46:32 INFO  ebanking:27 - Submit Button is clicked
2022-08-18 19:46:32 INFO  ebanking:32 - New customer Button is clicked
2022-08-18 19:46:32 INFO  ebanking:34 - Entering customer details......
2022-08-18 19:46:34 INFO  ebanking:56 - Submit button is clicked
2022-08-18 19:46:34 INFO  ebanking:66 - Test case is  passed
2022-08-18 19:46:35 INFO  ebanking:70 - Logout Button is clicked
2022-08-18 19:46:39 INFO  ebanking:21 - Username is provided
2022-08-18 19:46:39 INFO  ebanking:24 - Passsword is provided
2022-08-18 19:46:40 INFO  ebanking:27 - Submit Button is clicked
2022-08-18 19:46:40 INFO  ebanking:32 - New customer Button is clicked
2022-08-18 19:46:40 INFO  ebanking:34 - Entering customer details......
2022-08-18 19:46:43 INFO  ebanking:56 - Submit button is clicked
2022-08-18 19:46:43 INFO  ebanking:66 - Test case is  passed
2022-08-18 19:46:43 INFO  ebanking:70 - Logout Button is clicked
2022-08-18 19:47:54 INFO  ebanking:21 - Username is provided
2022-08-18 19:47:54 INFO  ebanking:24 - Passsword is provided
2022-08-18 19:47:56 INFO  ebanking:27 - Submit Button is clicked
2022-08-18 19:47:56 INFO  ebanking:32 - New customer Button is clicked
2022-08-18 19:47:56 INFO  ebanking:34 - Entering customer details......
2022-08-18 19:47:58 INFO  ebanking:56 - Submit button is clicked
2022-08-18 19:47:58 INFO  ebanking:66 - Test case is  passed
2022-08-18 19:47:58 INFO  ebanking:70 - Logout Button is clicked
2022-08-18 19:48:01 INFO  ebanking:21 - Username is provided
2022-08-18 19:48:01 INFO  ebanking:24 - Passsword is provided
2022-08-18 19:48:02 INFO  ebanking:27 - Submit Button is clicked
2022-08-18 19:48:02 INFO  ebanking:32 - New customer Button is clicked
2022-08-18 19:48:02 INFO  ebanking:34 - Entering customer details......
2022-08-18 19:48:04 INFO  ebanking:56 - Submit button is clicked
2022-08-18 19:48:04 INFO  ebanking:66 - Test case is  passed
2022-08-18 19:48:04 INFO  ebanking:70 - Logout Button is clicked
2022-08-18 19:51:24 INFO  ebanking:16 - Url is opened
2022-08-18 19:51:24 INFO  ebanking:21 - Username is entered
2022-08-18 19:51:24 INFO  ebanking:24 - Password is entered
2022-08-18 19:51:25 INFO  ebanking:26 - Login Button is clicked
2022-08-18 19:51:25 INFO  ebanking:31 - testcase is passed
2022-08-18 19:51:30 INFO  ebanking:28 - Username provided
2022-08-18 19:51:30 INFO  ebanking:31 - Password provided
2022-08-18 19:51:31 INFO  ebanking:36 - Customer details provided....
2022-08-18 19:51:34 INFO  ebanking:61 - Submit Button is clicked
2022-08-18 19:51:34 INFO  ebanking:67 - 87333
2022-08-18 19:51:34 INFO  ebanking:68 - Customer id is updated
2022-08-18 19:51:34 INFO  ebanking:71 - Verifing whether the Customer is add Successfully.....
2022-08-18 19:51:34 INFO  ebanking:78 - TestCase is passed
2022-08-18 19:51:38 INFO  ebanking:20 - Username is provided
2022-08-18 19:51:38 INFO  ebanking:23 - Password is provided
2022-08-18 19:51:40 INFO  ebanking:26 - loginbutton is clicked
2022-08-18 19:51:40 INFO  ebanking:31 - 87333
2022-08-18 19:51:40 INFO  ebanking:32 - Customer Id is readed from json file
2022-08-18 19:51:40 INFO  ebanking:37 - Edit customer Button is clicked
2022-08-18 19:51:40 INFO  ebanking:40 - customer Id is passed on the edit customer page
2022-08-18 19:51:41 INFO  ebanking:44 - submit button is clicked
2022-08-18 19:51:41 INFO  ebanking:53 - Test case is passed
2022-08-18 19:54:21 INFO  ebanking:16 - Url is opened
2022-08-18 19:54:21 INFO  ebanking:21 - Username is entered
2022-08-18 19:54:21 INFO  ebanking:24 - Password is entered
2022-08-18 19:54:23 INFO  ebanking:26 - Login Button is clicked
2022-08-18 19:54:23 INFO  ebanking:31 - testcase is passed
2022-08-18 19:54:27 INFO  ebanking:28 - Username provided
2022-08-18 19:54:27 INFO  ebanking:31 - Password provided
2022-08-18 19:54:28 INFO  ebanking:36 - Customer details provided....
2022-08-18 19:54:31 INFO  ebanking:61 - Submit Button is clicked
2022-08-18 19:54:31 INFO  ebanking:67 - 56821
2022-08-18 19:54:31 INFO  ebanking:68 - Customer id is updated
2022-08-18 19:54:31 INFO  ebanking:71 - Verifing whether the Customer is add Successfully.....
2022-08-18 19:54:31 INFO  ebanking:78 - TestCase is passed
2022-08-18 19:54:36 INFO  ebanking:20 - Username is provided
2022-08-18 19:54:36 INFO  ebanking:23 - Password is provided
2022-08-18 19:54:37 INFO  ebanking:26 - loginbutton is clicked
2022-08-18 19:54:37 INFO  ebanking:31 - 56821
2022-08-18 19:54:37 INFO  ebanking:32 - Customer Id is readed from json file
2022-08-18 19:54:38 INFO  ebanking:37 - Edit customer Button is clicked
2022-08-18 19:54:38 INFO  ebanking:40 - customer Id is passed on the edit customer page
2022-08-18 19:54:38 INFO  ebanking:44 - submit button is clicked
2022-08-18 19:54:38 INFO  ebanking:53 - Test case is passed
